<?xml version="1.0" encoding="UTF-8"?>
<!-- Generated by org.testng.reporters.JUnitReportReporter -->
<testsuite hostname="Amal" failures="0" tests="1" name="salesforceframe.testcases.TC000_LoginPage" time="15.811" errors="0" timestamp="2022-06-27T19:54:35 IST" skipped="0">
  <testcase classname="salesforceframe.testcases.TC000_LoginPage" name="loginpage_test" time="15.811"/>
  <system-out/>
</testsuite> <!-- salesforceframe.testcases.TC000_LoginPage -->
