<?xml version="1.0" encoding="UTF-8"?>
<!-- Generated by org.testng.reporters.JUnitReportReporter -->
<testsuite hostname="Amal" failures="0" tests="1" name="salesforceframe.testcases.CucumberRunner" time="10.699" errors="0" timestamp="2022-06-27T19:54:35 IST" skipped="0">
  <testcase classname="salesforceframe.testcases.CucumberRunner" name="runScenario" time="10.699"/>
  <system-out/>
</testsuite> <!-- salesforceframe.testcases.CucumberRunner -->
